<?xml version="1.0" encoding="UTF-8"?>
<testng-results ignored="0" total="3" passed="3" failed="0" skipped="0">
  <reporter-output>
  </reporter-output>
  <suite started-at="2023-12-11T21:25:44 IST" name="Default suite" finished-at="2023-12-11T21:25:59 IST" duration-ms="14909">
    <groups>
    </groups>
    <test started-at="2023-12-11T21:25:44 IST" name="Default test" finished-at="2023-12-11T21:25:59 IST" duration-ms="14909">
      <class name="Report.Guru99">
        <test-method signature="OpenApp()[pri:0, instance:Report.Guru99@72967906]" started-at="2023-12-11T21:25:45 IST" name="OpenApp" finished-at="2023-12-11T21:25:56 IST" duration-ms="11589" status="PASS">
          <reporter-output>
          </reporter-output>
        </test-method> <!-- OpenApp -->
        <test-method signature="login()[pri:1, instance:Report.Guru99@72967906]" started-at="2023-12-11T21:25:56 IST" name="login" finished-at="2023-12-11T21:25:58 IST" duration-ms="1872" status="PASS">
          <reporter-output>
          </reporter-output>
        </test-method> <!-- login -->
        <test-method signature="TearDown()[pri:2, instance:Report.Guru99@72967906]" started-at="2023-12-11T21:25:58 IST" name="TearDown" finished-at="2023-12-11T21:25:59 IST" depends-on-methods="Report.Guru99.OpenApp" duration-ms="648" status="PASS">
          <reporter-output>
          </reporter-output>
        </test-method> <!-- TearDown -->
      </class> <!-- Report.Guru99 -->
    </test> <!-- Default test -->
  </suite> <!-- Default suite -->
</testng-results>
